[02:18:29] [INIT] KubeJS 2001.6.5-build.16; MC 2001 forge
[02:18:29] [INIT] Loaded plugins:
[02:18:29] [INIT] - dev.latvian.mods.kubejs.forge.BuiltinKubeJSForgePlugin
[02:18:29] [INIT] - com.almostreliable.morejs.Plugin
[02:18:29] [INIT] - pie.ilikepiefoo.AdditionsPlugin
[02:18:29] [INIT] - pie.ilikepiefoo.compat.jei.JEIKubeJSPlugin
[02:18:29] [INIT] - com.lowdragmc.lowdraglib.kjs.LDLibKubeJSPlugin
[02:18:29] [INIT] - dev.ftb.mods.ftbxmodcompat.ftbquests.kubejs.KubeJSIntegration
[02:18:29] [INIT] - dev.ftb.mods.ftbxmodcompat.ftbchunks.kubejs.FTBChunksKubeJSPlugin
[02:18:29] [INIT] - dev.ftb.mods.ftbxmodcompat.ftbteams.kubejs.FTBTeamsKubeJSPlugin
[02:18:29] [INIT] - com.almostreliable.lootjs.kube.LootJSPlugin
[02:18:29] [INIT] - com.sunekaer.sdrp.integration.kubejs.SDRPKubeJSIntegration
[02:18:29] [INIT] - com.lowdragmc.mbd2.integration.kubejs.MBDKubeJSPlugin
[02:18:29] [INIT] - com.almostreliable.ponderjs.KubePlugin
[02:18:29] [INIT] - dev.latvian.mods.kubejs.thermal.KubeJSThermalPlugin
[02:18:29] [INIT] - dev.latvian.mods.kubejs.create.KubeJSCreatePlugin
[02:18:29] [INIT] - com.klikli_dev.occultism_kubejs.KubeJSOccultismPlugin
[02:18:30] [INFO] Loaded script startup_scripts:_initial.js in 0.088 s
[02:18:30] [INFO] schema.js#1: Loaded Java class 'dev.latvian.mods.kubejs.recipe.schema.RecipeSchema'
[02:18:30] [INFO] Loaded script startup_scripts:schema.js in 0.018 s
[02:18:30] [INFO] Loaded script startup_scripts:creative_tabs.js in 0.002 s
[02:18:30] [INFO] Loaded script startup_scripts:trading.js in 0.109 s
[02:18:30] [INFO] Loaded script startup_scripts:mods/trials.js in 0.0 s
[02:18:30] [INFO] Loaded script startup_scripts:mods/moreminecarts.js in 0.0 s
[02:18:30] [INFO] generate.js#3: Loaded Java class 'net.minecraft.world.level.block.state.properties.BlockStateProperties'
[02:18:30] [INFO] Loaded script startup_scripts:generate.js in 0.066 s
[02:18:30] [INFO] Loaded script startup_scripts:potions.js in 0.001 s
[02:18:30] [INFO] Loaded 8/8 KubeJS startup scripts in 0.984 s with 0 errors and 0 warnings
[02:18:30] [WARN] generate.js#186: blockBuilder.material(string) is no longer supported! Use .soundType(SoundType) and .mapColor(MapColor) instead!
[02:18:30] [WARN] generate.js#186: blockBuilder.material(string) is no longer supported! Use .soundType(SoundType) and .mapColor(MapColor) instead!
[02:18:30] [WARN] generate.js#186: blockBuilder.material(string) is no longer supported! Use .soundType(SoundType) and .mapColor(MapColor) instead!
[02:18:30] [WARN] generate.js#186: blockBuilder.material(string) is no longer supported! Use .soundType(SoundType) and .mapColor(MapColor) instead!
[02:18:30] [WARN] generate.js#186: blockBuilder.material(string) is no longer supported! Use .soundType(SoundType) and .mapColor(MapColor) instead!
[02:18:30] [WARN] generate.js#204: blockBuilder.material(string) is no longer supported! Use .soundType(SoundType) and .mapColor(MapColor) instead!
[02:18:30] [WARN] generate.js#204: blockBuilder.material(string) is no longer supported! Use .soundType(SoundType) and .mapColor(MapColor) instead!
[02:18:30] [WARN] generate.js#204: blockBuilder.material(string) is no longer supported! Use .soundType(SoundType) and .mapColor(MapColor) instead!
[02:18:30] [WARN] generate.js#204: blockBuilder.material(string) is no longer supported! Use .soundType(SoundType) and .mapColor(MapColor) instead!
[02:18:30] [WARN] generate.js#204: blockBuilder.material(string) is no longer supported! Use .soundType(SoundType) and .mapColor(MapColor) instead!
[02:18:30] [WARN] generate.js#204: blockBuilder.material(string) is no longer supported! Use .soundType(SoundType) and .mapColor(MapColor) instead!
[02:18:30] [WARN] generate.js#204: blockBuilder.material(string) is no longer supported! Use .soundType(SoundType) and .mapColor(MapColor) instead!
[02:18:30] [WARN] generate.js#204: blockBuilder.material(string) is no longer supported! Use .soundType(SoundType) and .mapColor(MapColor) instead!
[02:18:30] [WARN] generate.js#204: blockBuilder.material(string) is no longer supported! Use .soundType(SoundType) and .mapColor(MapColor) instead!
[02:18:30] [WARN] generate.js#204: blockBuilder.material(string) is no longer supported! Use .soundType(SoundType) and .mapColor(MapColor) instead!
[02:18:30] [WARN] generate.js#204: blockBuilder.material(string) is no longer supported! Use .soundType(SoundType) and .mapColor(MapColor) instead!
[02:18:30] [WARN] generate.js#204: blockBuilder.material(string) is no longer supported! Use .soundType(SoundType) and .mapColor(MapColor) instead!
[02:18:30] [WARN] generate.js#204: blockBuilder.material(string) is no longer supported! Use .soundType(SoundType) and .mapColor(MapColor) instead!
[02:18:30] [WARN] generate.js#204: blockBuilder.material(string) is no longer supported! Use .soundType(SoundType) and .mapColor(MapColor) instead!
[02:18:30] [WARN] generate.js#204: blockBuilder.material(string) is no longer supported! Use .soundType(SoundType) and .mapColor(MapColor) instead!
[02:18:30] [WARN] generate.js#204: blockBuilder.material(string) is no longer supported! Use .soundType(SoundType) and .mapColor(MapColor) instead!
[02:18:30] [WARN] generate.js#204: blockBuilder.material(string) is no longer supported! Use .soundType(SoundType) and .mapColor(MapColor) instead!
[02:18:30] [WARN] generate.js#204: blockBuilder.material(string) is no longer supported! Use .soundType(SoundType) and .mapColor(MapColor) instead!
[02:18:30] [WARN] generate.js#204: blockBuilder.material(string) is no longer supported! Use .soundType(SoundType) and .mapColor(MapColor) instead!
[02:18:30] [WARN] generate.js#204: blockBuilder.material(string) is no longer supported! Use .soundType(SoundType) and .mapColor(MapColor) instead!
[02:18:30] [WARN] generate.js#204: blockBuilder.material(string) is no longer supported! Use .soundType(SoundType) and .mapColor(MapColor) instead!
[02:18:30] [WARN] generate.js#204: blockBuilder.material(string) is no longer supported! Use .soundType(SoundType) and .mapColor(MapColor) instead!
[02:18:30] [WARN] generate.js#204: blockBuilder.material(string) is no longer supported! Use .soundType(SoundType) and .mapColor(MapColor) instead!
[02:18:30] [WARN] generate.js#204: blockBuilder.material(string) is no longer supported! Use .soundType(SoundType) and .mapColor(MapColor) instead!
[02:18:30] [WARN] generate.js#204: blockBuilder.material(string) is no longer supported! Use .soundType(SoundType) and .mapColor(MapColor) instead!
[02:18:30] [WARN] generate.js#204: blockBuilder.material(string) is no longer supported! Use .soundType(SoundType) and .mapColor(MapColor) instead!
[02:18:30] [WARN] generate.js#204: blockBuilder.material(string) is no longer supported! Use .soundType(SoundType) and .mapColor(MapColor) instead!
[02:18:30] [WARN] generate.js#204: blockBuilder.material(string) is no longer supported! Use .soundType(SoundType) and .mapColor(MapColor) instead!
[02:18:30] [WARN] generate.js#204: blockBuilder.material(string) is no longer supported! Use .soundType(SoundType) and .mapColor(MapColor) instead!
[02:18:30] [WARN] generate.js#204: blockBuilder.material(string) is no longer supported! Use .soundType(SoundType) and .mapColor(MapColor) instead!
[02:18:30] [WARN] generate.js#204: blockBuilder.material(string) is no longer supported! Use .soundType(SoundType) and .mapColor(MapColor) instead!
[02:18:30] [WARN] generate.js#204: blockBuilder.material(string) is no longer supported! Use .soundType(SoundType) and .mapColor(MapColor) instead!
[02:18:30] [WARN] generate.js#204: blockBuilder.material(string) is no longer supported! Use .soundType(SoundType) and .mapColor(MapColor) instead!
[02:18:30] [WARN] generate.js#204: blockBuilder.material(string) is no longer supported! Use .soundType(SoundType) and .mapColor(MapColor) instead!
[02:18:30] [WARN] generate.js#204: blockBuilder.material(string) is no longer supported! Use .soundType(SoundType) and .mapColor(MapColor) instead!
[02:18:30] [WARN] generate.js#204: blockBuilder.material(string) is no longer supported! Use .soundType(SoundType) and .mapColor(MapColor) instead!
[02:18:30] [WARN] generate.js#204: blockBuilder.material(string) is no longer supported! Use .soundType(SoundType) and .mapColor(MapColor) instead!
[02:18:30] [WARN] generate.js#204: blockBuilder.material(string) is no longer supported! Use .soundType(SoundType) and .mapColor(MapColor) instead!
[02:18:30] [WARN] generate.js#204: blockBuilder.material(string) is no longer supported! Use .soundType(SoundType) and .mapColor(MapColor) instead!
[02:18:30] [WARN] generate.js#204: blockBuilder.material(string) is no longer supported! Use .soundType(SoundType) and .mapColor(MapColor) instead!
[02:18:30] [WARN] generate.js#204: blockBuilder.material(string) is no longer supported! Use .soundType(SoundType) and .mapColor(MapColor) instead!
[02:18:30] [WARN] generate.js#204: blockBuilder.material(string) is no longer supported! Use .soundType(SoundType) and .mapColor(MapColor) instead!
[02:18:30] [WARN] generate.js#204: blockBuilder.material(string) is no longer supported! Use .soundType(SoundType) and .mapColor(MapColor) instead!
[02:18:30] [WARN] generate.js#204: blockBuilder.material(string) is no longer supported! Use .soundType(SoundType) and .mapColor(MapColor) instead!
[02:18:30] [WARN] generate.js#204: blockBuilder.material(string) is no longer supported! Use .soundType(SoundType) and .mapColor(MapColor) instead!
[02:18:30] [WARN] generate.js#204: blockBuilder.material(string) is no longer supported! Use .soundType(SoundType) and .mapColor(MapColor) instead!
[02:18:30] [WARN] generate.js#204: blockBuilder.material(string) is no longer supported! Use .soundType(SoundType) and .mapColor(MapColor) instead!
[02:18:30] [WARN] generate.js#204: blockBuilder.material(string) is no longer supported! Use .soundType(SoundType) and .mapColor(MapColor) instead!
[02:18:30] [WARN] generate.js#204: blockBuilder.material(string) is no longer supported! Use .soundType(SoundType) and .mapColor(MapColor) instead!
[02:18:30] [WARN] generate.js#204: blockBuilder.material(string) is no longer supported! Use .soundType(SoundType) and .mapColor(MapColor) instead!
[02:18:30] [WARN] generate.js#204: blockBuilder.material(string) is no longer supported! Use .soundType(SoundType) and .mapColor(MapColor) instead!
[02:18:30] [WARN] generate.js#204: blockBuilder.material(string) is no longer supported! Use .soundType(SoundType) and .mapColor(MapColor) instead!
[02:18:30] [WARN] generate.js#204: blockBuilder.material(string) is no longer supported! Use .soundType(SoundType) and .mapColor(MapColor) instead!
[02:18:30] [WARN] generate.js#204: blockBuilder.material(string) is no longer supported! Use .soundType(SoundType) and .mapColor(MapColor) instead!
[02:18:30] [WARN] generate.js#204: blockBuilder.material(string) is no longer supported! Use .soundType(SoundType) and .mapColor(MapColor) instead!
[02:18:30] [WARN] generate.js#204: blockBuilder.material(string) is no longer supported! Use .soundType(SoundType) and .mapColor(MapColor) instead!
[02:18:30] [WARN] generate.js#204: blockBuilder.material(string) is no longer supported! Use .soundType(SoundType) and .mapColor(MapColor) instead!
[02:18:30] [WARN] generate.js#204: blockBuilder.material(string) is no longer supported! Use .soundType(SoundType) and .mapColor(MapColor) instead!
[02:18:30] [WARN] generate.js#204: blockBuilder.material(string) is no longer supported! Use .soundType(SoundType) and .mapColor(MapColor) instead!
[02:18:30] [WARN] generate.js#204: blockBuilder.material(string) is no longer supported! Use .soundType(SoundType) and .mapColor(MapColor) instead!
[02:18:30] [WARN] generate.js#204: blockBuilder.material(string) is no longer supported! Use .soundType(SoundType) and .mapColor(MapColor) instead!
[02:18:30] [WARN] generate.js#204: blockBuilder.material(string) is no longer supported! Use .soundType(SoundType) and .mapColor(MapColor) instead!
[02:18:50] [INFO] potions.js#4: Removed potion brewing recipe: minecraft:awkward + {"item":"minecraft:phantom_membrane"} -> minecraft:slow_falling
